2025-02-01 21:29:32 DEBUG TestNG:82 - suiteXmlPath: "C:\Users\000ZZA744\IdeaProjects\opencart\src\test\master.xml"
2025-02-01 21:29:42 DEBUG PackageRelationshipCollection:307 - Parsing relationship: /xl/_rels/workbook.xml.rels
2025-02-01 21:29:43 DEBUG PackageRelationshipCollection:307 - Parsing relationship: /xl/worksheets/_rels/sheet1.xml.rels
2025-02-01 21:29:43 DEBUG PackageRelationshipCollection:307 - Parsing relationship: /_rels/.rels
2025-02-01 21:29:44 DEBUG POIXMLFactory:65 - using default POIXMLDocumentPart for http://schemas.openxmlformats.org/officeDocument/2006/relationships/printerSettings
2025-02-01 21:29:44 DEBUG PackageRelationshipCollection:307 - Parsing relationship: /xl/_rels/workbook.xml.rels
2025-02-01 21:29:44 DEBUG PackageRelationshipCollection:307 - Parsing relationship: /xl/worksheets/_rels/sheet1.xml.rels
2025-02-01 21:29:44 DEBUG PackageRelationshipCollection:307 - Parsing relationship: /_rels/.rels
2025-02-01 21:29:44 DEBUG POIXMLFactory:65 - using default POIXMLDocumentPart for http://schemas.openxmlformats.org/officeDocument/2006/relationships/printerSettings
2025-02-01 21:29:44 DEBUG PackageRelationshipCollection:307 - Parsing relationship: /xl/_rels/workbook.xml.rels
2025-02-01 21:29:44 DEBUG PackageRelationshipCollection:307 - Parsing relationship: /xl/worksheets/_rels/sheet1.xml.rels
2025-02-01 21:29:44 DEBUG PackageRelationshipCollection:307 - Parsing relationship: /_rels/.rels
2025-02-01 21:29:44 DEBUG POIXMLFactory:65 - using default POIXMLDocumentPart for http://schemas.openxmlformats.org/officeDocument/2006/relationships/printerSettings
2025-02-01 21:29:44 DEBUG PackageRelationshipCollection:307 - Parsing relationship: /xl/_rels/workbook.xml.rels
2025-02-01 21:29:44 DEBUG PackageRelationshipCollection:307 - Parsing relationship: /xl/worksheets/_rels/sheet1.xml.rels
2025-02-01 21:29:44 DEBUG PackageRelationshipCollection:307 - Parsing relationship: /_rels/.rels
2025-02-01 21:29:44 DEBUG POIXMLFactory:65 - using default POIXMLDocumentPart for http://schemas.openxmlformats.org/officeDocument/2006/relationships/printerSettings
2025-02-01 21:29:44 DEBUG PackageRelationshipCollection:307 - Parsing relationship: /xl/_rels/workbook.xml.rels
2025-02-01 21:29:44 DEBUG PackageRelationshipCollection:307 - Parsing relationship: /xl/worksheets/_rels/sheet1.xml.rels
2025-02-01 21:29:44 DEBUG PackageRelationshipCollection:307 - Parsing relationship: /_rels/.rels
2025-02-01 21:29:44 DEBUG POIXMLFactory:65 - using default POIXMLDocumentPart for http://schemas.openxmlformats.org/officeDocument/2006/relationships/printerSettings
2025-02-01 21:29:44 DEBUG PackageRelationshipCollection:307 - Parsing relationship: /xl/_rels/workbook.xml.rels
2025-02-01 21:29:44 DEBUG PackageRelationshipCollection:307 - Parsing relationship: /xl/worksheets/_rels/sheet1.xml.rels
2025-02-01 21:29:44 DEBUG PackageRelationshipCollection:307 - Parsing relationship: /_rels/.rels
2025-02-01 21:29:44 DEBUG POIXMLFactory:65 - using default POIXMLDocumentPart for http://schemas.openxmlformats.org/officeDocument/2006/relationships/printerSettings
2025-02-01 21:29:44 DEBUG PackageRelationshipCollection:307 - Parsing relationship: /xl/_rels/workbook.xml.rels
2025-02-01 21:29:44 DEBUG PackageRelationshipCollection:307 - Parsing relationship: /xl/worksheets/_rels/sheet1.xml.rels
2025-02-01 21:29:44 DEBUG PackageRelationshipCollection:307 - Parsing relationship: /_rels/.rels
2025-02-01 21:29:44 DEBUG POIXMLFactory:65 - using default POIXMLDocumentPart for http://schemas.openxmlformats.org/officeDocument/2006/relationships/printerSettings
2025-02-01 21:29:44 DEBUG PackageRelationshipCollection:307 - Parsing relationship: /xl/_rels/workbook.xml.rels
2025-02-01 21:29:44 DEBUG PackageRelationshipCollection:307 - Parsing relationship: /xl/worksheets/_rels/sheet1.xml.rels
2025-02-01 21:29:44 DEBUG PackageRelationshipCollection:307 - Parsing relationship: /_rels/.rels
2025-02-01 21:29:44 DEBUG POIXMLFactory:65 - using default POIXMLDocumentPart for http://schemas.openxmlformats.org/officeDocument/2006/relationships/printerSettings
2025-02-01 21:29:44 DEBUG PackageRelationshipCollection:307 - Parsing relationship: /xl/_rels/workbook.xml.rels
2025-02-01 21:29:44 DEBUG PackageRelationshipCollection:307 - Parsing relationship: /xl/worksheets/_rels/sheet1.xml.rels
2025-02-01 21:29:44 DEBUG PackageRelationshipCollection:307 - Parsing relationship: /_rels/.rels
2025-02-01 21:29:44 DEBUG POIXMLFactory:65 - using default POIXMLDocumentPart for http://schemas.openxmlformats.org/officeDocument/2006/relationships/printerSettings
2025-02-01 21:29:44 DEBUG PackageRelationshipCollection:307 - Parsing relationship: /xl/_rels/workbook.xml.rels
2025-02-01 21:29:44 DEBUG PackageRelationshipCollection:307 - Parsing relationship: /xl/worksheets/_rels/sheet1.xml.rels
2025-02-01 21:29:44 DEBUG PackageRelationshipCollection:307 - Parsing relationship: /_rels/.rels
2025-02-01 21:29:44 DEBUG POIXMLFactory:65 - using default POIXMLDocumentPart for http://schemas.openxmlformats.org/officeDocument/2006/relationships/printerSettings
2025-02-01 21:29:44 DEBUG PackageRelationshipCollection:307 - Parsing relationship: /xl/_rels/workbook.xml.rels
2025-02-01 21:29:44 DEBUG PackageRelationshipCollection:307 - Parsing relationship: /xl/worksheets/_rels/sheet1.xml.rels
2025-02-01 21:29:44 DEBUG PackageRelationshipCollection:307 - Parsing relationship: /_rels/.rels
2025-02-01 21:29:44 DEBUG POIXMLFactory:65 - using default POIXMLDocumentPart for http://schemas.openxmlformats.org/officeDocument/2006/relationships/printerSettings
2025-02-01 21:29:44 DEBUG PackageRelationshipCollection:307 - Parsing relationship: /xl/_rels/workbook.xml.rels
2025-02-01 21:29:44 DEBUG PackageRelationshipCollection:307 - Parsing relationship: /xl/worksheets/_rels/sheet1.xml.rels
2025-02-01 21:29:44 DEBUG PackageRelationshipCollection:307 - Parsing relationship: /_rels/.rels
2025-02-01 21:29:44 DEBUG POIXMLFactory:65 - using default POIXMLDocumentPart for http://schemas.openxmlformats.org/officeDocument/2006/relationships/printerSettings
2025-02-01 21:29:44 DEBUG PackageRelationshipCollection:307 - Parsing relationship: /xl/_rels/workbook.xml.rels
2025-02-01 21:29:44 DEBUG PackageRelationshipCollection:307 - Parsing relationship: /xl/worksheets/_rels/sheet1.xml.rels
2025-02-01 21:29:44 DEBUG PackageRelationshipCollection:307 - Parsing relationship: /_rels/.rels
2025-02-01 21:29:44 DEBUG POIXMLFactory:65 - using default POIXMLDocumentPart for http://schemas.openxmlformats.org/officeDocument/2006/relationships/printerSettings
2025-02-01 21:29:44 DEBUG PackageRelationshipCollection:307 - Parsing relationship: /xl/_rels/workbook.xml.rels
2025-02-01 21:29:44 DEBUG PackageRelationshipCollection:307 - Parsing relationship: /xl/worksheets/_rels/sheet1.xml.rels
2025-02-01 21:29:44 DEBUG PackageRelationshipCollection:307 - Parsing relationship: /_rels/.rels
2025-02-01 21:29:44 DEBUG POIXMLFactory:65 - using default POIXMLDocumentPart for http://schemas.openxmlformats.org/officeDocument/2006/relationships/printerSettings
2025-02-01 21:29:44 DEBUG PackageRelationshipCollection:307 - Parsing relationship: /xl/_rels/workbook.xml.rels
2025-02-01 21:29:44 DEBUG PackageRelationshipCollection:307 - Parsing relationship: /xl/worksheets/_rels/sheet1.xml.rels
2025-02-01 21:29:44 DEBUG PackageRelationshipCollection:307 - Parsing relationship: /_rels/.rels
2025-02-01 21:29:45 DEBUG POIXMLFactory:65 - using default POIXMLDocumentPart for http://schemas.openxmlformats.org/officeDocument/2006/relationships/printerSettings
2025-02-01 21:29:45 DEBUG PackageRelationshipCollection:307 - Parsing relationship: /xl/_rels/workbook.xml.rels
2025-02-01 21:29:45 DEBUG PackageRelationshipCollection:307 - Parsing relationship: /xl/worksheets/_rels/sheet1.xml.rels
2025-02-01 21:29:45 DEBUG PackageRelationshipCollection:307 - Parsing relationship: /_rels/.rels
2025-02-01 21:29:45 DEBUG POIXMLFactory:65 - using default POIXMLDocumentPart for http://schemas.openxmlformats.org/officeDocument/2006/relationships/printerSettings
2025-02-01 21:29:45 DEBUG PackageRelationshipCollection:307 - Parsing relationship: /xl/_rels/workbook.xml.rels
2025-02-01 21:29:45 DEBUG PackageRelationshipCollection:307 - Parsing relationship: /xl/worksheets/_rels/sheet1.xml.rels
2025-02-01 21:29:45 DEBUG PackageRelationshipCollection:307 - Parsing relationship: /_rels/.rels
2025-02-01 21:29:45 DEBUG POIXMLFactory:65 - using default POIXMLDocumentPart for http://schemas.openxmlformats.org/officeDocument/2006/relationships/printerSettings
2025-02-01 21:29:45 INFO  TC003_LoginDDT:23 - -----Starting TC003_DDTLOGIN Test-----
2025-02-01 21:29:51 INFO  TC003_LoginDDT:59 - ---Finished TC0002----
2025-02-01 21:29:51 INFO  TC003_LoginDDT:23 - -----Starting TC003_DDTLOGIN Test-----
2025-02-01 21:29:54 INFO  TC003_LoginDDT:59 - ---Finished TC0002----
2025-02-01 21:29:54 INFO  TC003_LoginDDT:23 - -----Starting TC003_DDTLOGIN Test-----
2025-02-01 21:29:57 INFO  TC003_LoginDDT:59 - ---Finished TC0002----
2025-02-01 21:29:57 INFO  TC003_LoginDDT:23 - -----Starting TC003_DDTLOGIN Test-----
2025-02-01 21:30:04 INFO  TC003_LoginDDT:59 - ---Finished TC0002----
2025-02-01 21:30:04 INFO  TC003_LoginDDT:23 - -----Starting TC003_DDTLOGIN Test-----
2025-02-01 21:30:08 INFO  TC003_LoginDDT:59 - ---Finished TC0002----
2025-02-01 21:35:26 DEBUG TestNG:82 - suiteXmlPath: "C:\Users\000ZZA744\IdeaProjects\opencart\src\test\grouping.xml"
2025-02-01 21:35:33 INFO  TC001_AccountRegistrationTest:18 - ----Starting TC001_AccountRegistrationTest----
2025-02-01 21:35:33 INFO  TC001_AccountRegistrationTest:22 - Clicking MyAccount Link
2025-02-01 21:35:33 INFO  TC001_AccountRegistrationTest:25 - Clicking Register Link
2025-02-01 21:35:34 INFO  TC001_AccountRegistrationTest:31 - Entering Customer details
2025-02-01 21:35:35 INFO  TC001_AccountRegistrationTest:52 - Validating Success Message for Account Creation...
2025-02-01 21:35:40 ERROR TC001_AccountRegistrationTest:59 - Test Failed
2025-02-01 21:35:40 DEBUG TC001_AccountRegistrationTest:60 - Debug Logs....
2025-02-01 21:35:47 INFO  TC002_LoginTest:14 - -----Starting TC002_LOGIN Test-----
2025-02-01 21:36:44 DEBUG TestNG:82 - suiteXmlPath: "C:\Users\000ZZA744\IdeaProjects\opencart\src\test\grouping.xml"
2025-02-01 21:36:53 INFO  TC001_AccountRegistrationTest:18 - ----Starting TC001_AccountRegistrationTest----
2025-02-01 21:36:53 INFO  TC001_AccountRegistrationTest:22 - Clicking MyAccount Link
2025-02-01 21:36:54 INFO  TC001_AccountRegistrationTest:25 - Clicking Register Link
2025-02-01 21:36:54 INFO  TC001_AccountRegistrationTest:31 - Entering Customer details
2025-02-01 21:36:56 INFO  TC001_AccountRegistrationTest:52 - Validating Success Message for Account Creation...
2025-02-01 21:36:56 INFO  TC001_AccountRegistrationTest:69 - Test is Finished
2025-02-01 21:37:05 INFO  TC002_LoginTest:14 - -----Starting TC002_LOGIN Test-----
2025-02-01 21:37:06 INFO  TC002_LoginTest:37 - ---Finished TC0002----
2025-02-01 21:46:47 DEBUG TestNG:82 - suiteXmlPath: "C:\Users\000ZZA744\IdeaProjects\opencart\src\test\grouping.xml"
2025-02-01 21:46:54 INFO  TC001_AccountRegistrationTest:18 - ----Starting TC001_AccountRegistrationTest----
2025-02-01 21:46:54 INFO  TC001_AccountRegistrationTest:22 - Clicking MyAccount Link
2025-02-01 21:46:54 INFO  TC001_AccountRegistrationTest:25 - Clicking Register Link
2025-02-01 21:46:55 INFO  TC001_AccountRegistrationTest:31 - Entering Customer details
2025-02-01 21:46:56 INFO  TC001_AccountRegistrationTest:52 - Validating Success Message for Account Creation...
2025-02-01 21:46:56 INFO  TC001_AccountRegistrationTest:69 - Test is Finished
2025-02-01 21:47:03 INFO  TC002_LoginTest:14 - -----Starting TC002_LOGIN Test-----
2025-02-01 21:47:04 INFO  TC002_LoginTest:37 - ---Finished TC0002----
2025-02-01 21:47:40 DEBUG TestNG:82 - suiteXmlPath: "C:\Users\000ZZA744\IdeaProjects\opencart\src\test\grouping.xml"
2025-02-01 21:47:46 INFO  TC001_AccountRegistrationTest:18 - ----Starting TC001_AccountRegistrationTest----
2025-02-01 21:47:46 INFO  TC001_AccountRegistrationTest:22 - Clicking MyAccount Link
2025-02-01 21:47:47 INFO  TC001_AccountRegistrationTest:25 - Clicking Register Link
2025-02-01 21:47:47 INFO  TC001_AccountRegistrationTest:31 - Entering Customer details
2025-02-01 21:47:48 INFO  TC001_AccountRegistrationTest:52 - Validating Success Message for Account Creation...
2025-02-01 21:47:49 INFO  TC001_AccountRegistrationTest:69 - Test is Finished
2025-02-01 21:47:55 INFO  TC002_LoginTest:14 - -----Starting TC002_LOGIN Test-----
2025-02-01 21:47:57 INFO  TC002_LoginTest:37 - ---Finished TC0002----
